{"/Users/1kevinson/Library/Mobile Documents/com~apple~CloudDocs/Files/00 - Blog/01 - Articles /TDD - The practical guide with typescript/04 - Code Demo/shopping-cart/src/index.ts": {"path":"/Users/1kevinson/Library/Mobile Documents/com~apple~CloudDocs/Files/00 - Blog/01 - Articles /TDD - The practical guide with typescript/04 - Code Demo/shopping-cart/src/index.ts","statementMap":{"0":{"start":{"line":4,"column":4},"end":{"line":4,"column":45}},"1":{"start":{"line":4,"column":34},"end":{"line":4,"column":43}},"2":{"start":{"line":6,"column":4},"end":{"line":9,"column":5}},"3":{"start":{"line":7,"column":8},"end":{"line":7,"column":42}},"4":{"start":{"line":8,"column":8},"end":{"line":8,"column":47}},"5":{"start":{"line":11,"column":28},"end":{"line":11,"column":30}},"6":{"start":{"line":12,"column":4},"end":{"line":15,"column":5}},"7":{"start":{"line":12,"column":25},"end":{"line":12,"column":26}},"8":{"start":{"line":13,"column":8},"end":{"line":13,"column":50}},"9":{"start":{"line":14,"column":8},"end":{"line":14,"column":59}},"10":{"start":{"line":17,"column":4},"end":{"line":17,"column":56}},"11":{"start":{"line":17,"column":40},"end":{"line":17,"column":51}},"12":{"start":{"line":21,"column":4},"end":{"line":21,"column":128}},"13":{"start":{"line":21,"column":54},"end":{"line":21,"column":126}},"14":{"start":{"line":24,"column":75},"end":{"line":24,"column":109}},"15":{"start":{"line":27,"column":4},"end":{"line":27,"column":91}},"16":{"start":{"line":30,"column":48},"end":{"line":30,"column":73}},"17":{"start":{"line":32,"column":47},"end":{"line":32,"column":72}}},"fnMap":{"0":{"name":"(anonymous_0)","decl":{"start":{"line":3,"column":2},"end":{"line":3,"column":3}},"loc":{"start":{"line":3,"column":40},"end":{"line":18,"column":3}},"line":3},"1":{"name":"(anonymous_1)","decl":{"start":{"line":17,"column":24},"end":{"line":17,"column":25}},"loc":{"start":{"line":17,"column":40},"end":{"line":17,"column":51}},"line":17},"2":{"name":"(anonymous_2)","decl":{"start":{"line":20,"column":2},"end":{"line":20,"column":3}},"loc":{"start":{"line":20,"column":64},"end":{"line":22,"column":3}},"line":20},"3":{"name":"(anonymous_3)","decl":{"start":{"line":24,"column":2},"end":{"line":24,"column":3}},"loc":{"start":{"line":24,"column":73},"end":{"line":24,"column":111}},"line":24},"4":{"name":"(anonymous_4)","decl":{"start":{"line":26,"column":2},"end":{"line":26,"column":3}},"loc":{"start":{"line":26,"column":69},"end":{"line":28,"column":3}},"line":26},"5":{"name":"(anonymous_5)","decl":{"start":{"line":30,"column":2},"end":{"line":30,"column":3}},"loc":{"start":{"line":30,"column":46},"end":{"line":30,"column":75}},"line":30},"6":{"name":"(anonymous_6)","decl":{"start":{"line":32,"column":2},"end":{"line":32,"column":3}},"loc":{"start":{"line":32,"column":45},"end":{"line":32,"column":74}},"line":32}},"branchMap":{"0":{"loc":{"start":{"line":4,"column":4},"end":{"line":4,"column":45}},"type":"if","locations":[{"start":{"line":4,"column":4},"end":{"line":4,"column":45}},{"start":{},"end":{}}],"line":4},"1":{"loc":{"start":{"line":6,"column":4},"end":{"line":9,"column":5}},"type":"if","locations":[{"start":{"line":6,"column":4},"end":{"line":9,"column":5}},{"start":{},"end":{}}],"line":6},"2":{"loc":{"start":{"line":21,"column":4},"end":{"line":21,"column":128}},"type":"if","locations":[{"start":{"line":21,"column":4},"end":{"line":21,"column":128}},{"start":{},"end":{}}],"line":21}},"s":{"0":5,"1":1,"2":4,"3":2,"4":1,"5":2,"6":2,"7":2,"8":4,"9":3,"10":1,"11":3,"12":6,"13":2,"14":6,"15":4,"16":4,"17":5},"f":{"0":5,"1":3,"2":6,"3":6,"4":4,"5":4,"6":5},"b":{"0":[1,4],"1":[2,2],"2":[2,4]},"_coverageSchema":"1a1c01bbd47fc00a2c39e90264f33305004495a9","hash":"efda8c96451ff35947d2ac5722204049d7bbf73c"}
}
