TN:
SF:src/index.ts
FN:3,(anonymous_0)
FN:17,(anonymous_1)
FN:20,(anonymous_2)
FN:24,(anonymous_3)
FN:26,(anonymous_4)
FN:30,(anonymous_5)
FN:32,(anonymous_6)
FNF:7
FNH:7
FNDA:5,(anonymous_0)
FNDA:3,(anonymous_1)
FNDA:6,(anonymous_2)
FNDA:6,(anonymous_3)
FNDA:4,(anonymous_4)
FNDA:4,(anonymous_5)
FNDA:5,(anonymous_6)
DA:4,5
DA:6,4
DA:7,2
DA:8,1
DA:11,2
DA:12,2
DA:13,4
DA:14,3
DA:17,3
DA:21,6
DA:24,6
DA:27,4
DA:30,4
DA:32,5
LF:14
LH:14
BRDA:4,0,0,1
BRDA:4,0,1,4
BRDA:6,1,0,2
BRDA:6,1,1,2
BRDA:21,2,0,2
BRDA:21,2,1,4
BRF:6
BRH:6
end_of_record
