<?xml version="1.0" encoding="UTF-8"?>
<coverage generated="1674780906025" clover="3.2.0">
  <project timestamp="1674780906025" name="All files">
    <metrics statements="2" coveredstatements="2" conditionals="0" coveredconditionals="0" methods="2" coveredmethods="2" elements="4" coveredelements="4" complexity="0" loc="2" ncloc="2" packages="1" files="1" classes="1"/>
    <file name="Sample.js" path="/Users/1kevinson/Library/Mobile Documents/com~apple~CloudDocs/Files/00 - Blog/02 - Coding/02 - GitHub Blog Repository/Javascript/ecma-script-2022-release/src/Sample.js">
      <metrics statements="2" coveredstatements="2" conditionals="0" coveredconditionals="0" methods="2" coveredmethods="2"/>
      <line num="5" count="2" type="stmt"/>
      <line num="9" count="1" type="stmt"/>
    </file>
  </project>
</coverage>
