{"/Users/1kevinson/Library/Mobile Documents/com~apple~CloudDocs/Files/00 - Blog/02 - Coding/02 - GitHub Blog Repository/Javascript/ecma-script-2022-release/src/Sample.js": {"path":"/Users/1kevinson/Library/Mobile Documents/com~apple~CloudDocs/Files/00 - Blog/02 - Coding/02 - GitHub Blog Repository/Javascript/ecma-script-2022-release/src/Sample.js","statementMap":{"0":{"start":{"line":5,"column":4},"end":{"line":5,"column":17}},"1":{"start":{"line":9,"column":0},"end":{"line":9,"column":36}}},"fnMap":{"0":{"name":"(anonymous_0)","decl":{"start":{"line":2,"column":2},"end":{"line":2,"column":3}},"loc":{"start":{"line":2,"column":16},"end":{"line":2,"column":18}},"line":2},"1":{"name":"(anonymous_1)","decl":{"start":{"line":4,"column":2},"end":{"line":4,"column":3}},"loc":{"start":{"line":4,"column":12},"end":{"line":6,"column":3}},"line":4}},"branchMap":{},"s":{"0":2,"1":1},"f":{"0":2,"1":2},"b":{},"_coverageSchema":"1a1c01bbd47fc00a2c39e90264f33305004495a9","hash":"3f05318953f4aaedbeaf1274937fac6a93508def"}
}
