{"/Users/1kevinson/Library/Mobile Documents/com~apple~CloudDocs/Files/00 - Blog/02 - Coding/02 - GitHub Blog Repository/Javascript/ecma-script-2022-release/src/index.ts": {"path":"/Users/1kevinson/Library/Mobile Documents/com~apple~CloudDocs/Files/00 - Blog/02 - Coding/02 - GitHub Blog Repository/Javascript/ecma-script-2022-release/src/index.ts","statementMap":{"0":{"start":{"line":1,"column":21},"end":{"line":1,"column":27}},"1":{"start":{"line":2,"column":27},"end":{"line":2,"column":39}},"2":{"start":{"line":5,"column":2},"end":{"line":12,"column":3}},"3":{"start":{"line":7,"column":6},"end":{"line":7,"column":50}},"4":{"start":{"line":9,"column":6},"end":{"line":9,"column":56}},"5":{"start":{"line":11,"column":6},"end":{"line":11,"column":33}},"6":{"start":{"line":15,"column":0},"end":{"line":15,"column":38}}},"fnMap":{"0":{"name":"getFavouriteLanguage","decl":{"start":{"line":4,"column":9},"end":{"line":4,"column":29}},"loc":{"start":{"line":4,"column":54},"end":{"line":13,"column":1}},"line":4}},"branchMap":{"0":{"loc":{"start":{"line":5,"column":2},"end":{"line":12,"column":3}},"type":"switch","locations":[{"start":{"line":6,"column":4},"end":{"line":7,"column":50}},{"start":{"line":8,"column":4},"end":{"line":9,"column":56}},{"start":{"line":10,"column":4},"end":{"line":11,"column":33}}],"line":5}},"s":{"0":1,"1":1,"2":3,"3":1,"4":1,"5":1,"6":1},"f":{"0":3},"b":{"0":[1,1,1]},"_coverageSchema":"1a1c01bbd47fc00a2c39e90264f33305004495a9","hash":"c70161ad61a2211adb174d4ca2088ed8f56557e4"}
}
